220003-Ytb, sys,   4K ğŸŸ¡, You are G3, an AI programming agent of the same skill level as a seasoned engineer at a major technology company. You an
220003-zPa, sys,   2K ğŸŸ¡, ğŸ¤– Agent Configuration (from AGENTS.md):  # upkg Agent Guidelines  ## Project Overview `upkg` is a Go-based package manag
220035-YOe, usr,   0K ğŸŸ¢, Task: Aumente a cobertura de testes para no mÃ­nimo 80% em cada arquivo.
220039-vcG, ass,   0K ğŸŸ¢, {"tool": "todo_read", "args": {}}
220039-VAR, usr,   0K ğŸŸ¢, Tool result: ğŸ“ TODO list is empty (no todo.g3.md file found)
220044-hIc, ass,   0K ğŸŸ¢, {"tool": "code_coverage", "args": {}}
220044-kcg, usr,   0K ğŸŸ¢, Tool result: âŒ Failed to install coverage tools: No such file or directory (os error 2)
220048-sqX, ass,   0K ğŸŸ¢, {"tool": "shell", "args": {"command":"cd /home/user && find . -name \"*.go\" -type f | head -50"}}
220048-Zhb, usr,   0K ğŸŸ¢, Tool result: âŒ Command failed: bash: linha 1: cd: /home/user: Arquivo ou diretÃ³rio inexistente
220052-xqm, ass,   0K ğŸŸ¢, {"tool": "shell", "args": {"command":"pwd && ls -la"}}
220052-cJd, usr,   0K ğŸŸ¢, Tool result: /home/diogo/dev/upkg total 196348 drwxr-xr-x  1 diogo diogo       788 dez 28 21:49 . drwxrwxrwx+ 1 diogo di
220101-neM, ass,   0K ğŸŸ¢, {"tool": "shell", "args": {"command":"cd /home/diogo/dev/upkg && go test -coverprofile=coverage.out ./... 2>&1 | tail -5
220101-pTn, usr,   0K ğŸŸ¢, Tool result: ok  	github.com/quantmind-br/upkg/cmd/upkg	0.002s	coverage: 0.0% of statements ok  	github.com/quantmind-br
220111-NkF, ass,   0K ğŸŸ¢, Now I have a clear picture of the coverage status. Let me create a TODO list and start improving coverage for files belo
220111-TFJ, usr,   0K ğŸŸ¢, Tool result: âœ… TODO list updated (646 chars) and saved to todo.g3.md: # Aumentar Cobertura de Testes para 80%  ## Arquiv
220118-lmN, ass,   0K ğŸŸ¢, Let me start by analyzing the packages with the lowest coverage to understand what needs to be tested.Let me start by an
220118-CPm, usr,   0K ğŸŸ¢, Tool result: internal/backends/deb/deb_install_test.go internal/backends/deb/deb_icon_fallback_test.go internal/backends
220123-bJJ, ass,   0K ğŸŸ¢, {"tool": "read_file", "args": {"file_path":"/home/diogo/dev/upkg/internal/backends/deb/deb.go"}}
220123-bXT, usr,  14K ğŸ”´, Tool result: ğŸ“„ File content (1286 lines): package deb  import ( 	"bufio" 	"bytes" 	"context" 	"fmt" 	"io" 	"os/exec" 	"p
220129-hgB, ass,   0K ğŸŸ¢, Let me also check the existing tests for the deb package:Let me also check the existing tests for the deb package:  {"to
220129-ttQ, usr,   9K ğŸŸ , Tool result: ğŸ“„ File content (880 lines): package deb  import ( 	"context" 	"fmt" 	"io" 	"os" 	"os/exec" 	"path/filepath"
220136-epo, ass,   0K ğŸŸ¢, Let me continue reading the test files to understand what's already covered:Let me continue reading the test files to un
220136-DBh, usr,   2K ğŸŸ¡, Tool result: ğŸ“„ File content (264 lines): package deb  import ( 	"context" 	"os" 	"path/filepath" 	"testing"  	"github.co
220143-XlX, ass,   0K ğŸŸ¢, Let me also check the icon fallback and test extra files:Let me also check the icon fallback and test extra files:  {"to
220143-yJo, usr,   1K ğŸŸ¡, Tool result: ğŸ“„ File content (83 lines): package deb  import ( 	"io" 	"path/filepath" 	"testing"  	"github.com/quantmind-
220150-ZKC, ass,   0K ğŸŸ¢, Now let me check what functions are not covered by running coverage with detail:Now let me check what functions are not 
220150-sFG, usr,   1K ğŸŸ¡, Tool result: ok  	github.com/quantmind-br/upkg/internal/backends/deb	0.067s	coverage: 44.9% of statements github.com/qua
220156-QNX, ass,   0K ğŸŸ¢, I see there's a `deb_test_extra.go` file with tests that show 0% coverage - this seems like tests that aren't running pr
220156-WHy, usr,   4K ğŸŸ¡, Tool result: ğŸ“„ File content (549 lines): //nolint:gosec // G306: test files use 0644 permissions which is standard for t
220204-NxC, ass,   0K ğŸŸ¢, Now I understand the situation. The `deb_test_extra.go` file has many tests that are skipped or don't actually execute a
220204-fpQ, usr,   0K ğŸŸ¢, Tool result: total 100 drwx------ 1 diogo diogo   190 dez 26 20:06 . drwx------ 1 diogo diogo   112 dez 26 19:56 .. drwx
220210-wkf, ass,   0K ğŸŸ¢, Let me check the coverage for each file and understand the structure better:  {"tool": "shell", "args": {"command":"cd /
220210-zYh, usr,   0K ğŸŸ¢, Tool result: âŒ Command failed: 
220216-MfN, ass,   0K ğŸŸ¢, {"tool": "shell", "args": {"command":"cd /home/diogo/dev/upkg && go test -coverprofile=tmp/tarball_cover.out ./internal/
220216-kVr, usr,   0K ğŸŸ¢, Tool result: âŒ Command failed: 
220222-GKA, ass,   0K ğŸŸ¢, {"tool": "shell", "args": {"command":"cd /home/diogo/dev/upkg && mkdir -p tmp && go test -coverprofile=tmp/tarball_cover
220222-EWR, usr,   0K ğŸŸ¢, Tool result: âŒ Command failed: 
220228-INI, ass,   0K ğŸŸ¢, {"tool": "shell", "args": {"command":"cd /home/diogo/dev/upkg && mkdir -p tmp 2>&1; echo 'mkdir done'; go test -coverpro
220228-xPr, usr,   0K ğŸŸ¢, Tool result: mkdir done --- FAIL: TestTarballBackend_CreateDesktopFile (0.00s)     --- FAIL: TestTarballBackend_CreateDe
220237-aME, ass,   0K ğŸŸ¢, There are failing tests. Let me look at the test structure and understand the full picture of all packages to improve:  
220237-qLj, usr,   0K ğŸŸ¢, Tool result: ok  	github.com/quantmind-br/upkg/cmd/upkg	0.002s ok  	github.com/quantmind-br/upkg/internal/backends	0.003
220243-HwI, ass,   0K ğŸŸ¢, First I need to fix the failing tests in the tarball package. Let me examine the failing test:  {"tool": "read_file", "a
220243-QSB, usr,   2K ğŸŸ¡, Tool result: ğŸ“„ File content (chars 0-6000, 208 lines of 706 total): package tarball  import ( 	"context" 	"io" 	"os" 	"p
220249-sVE, ass,   0K ğŸŸ¢, Let me continue reading the test file to find the failing tests:  {"tool": "read_file", "args": {"file_path":"/home/diog
220249-ZCs, usr,   0K ğŸŸ¢, Tool result: âŒ End position 20000 exceeds file length 19838
220254-vNP, ass,   0K ğŸŸ¢, {"tool": "read_file", "args": {"file_path":"/home/diogo/dev/upkg/internal/backends/tarball/tarball_extra_test.go", "star
220254-gaU, usr,   2K ğŸŸ¡, Tool result: ğŸ“„ File content (chars 12000-19838, 280 lines of 706 total): unsupported") 		assert.Error(t, err) 		assert.C
220302-eYQ, ass,   0K ğŸŸ¢, Now I understand the issue. The test `TestTarballBackend_CreateDesktopFile/creates_desktop_file` is failing because the 
220302-Zih, usr,   0K ğŸŸ¢, Tool result: 842:func (t *TarballBackend) createDesktopFile(installDir, appName, normalizedName, execPath string, opts c
220308-xOO, ass,   0K ğŸŸ¢, {"tool": "read_file", "args": {"file_path":"/home/diogo/dev/upkg/internal/backends/tarball/tarball.go", "start":24000, "
220308-HuY, usr,   0K ğŸŸ¢, Tool result: ğŸ“„ File content (chars 24000-26000, 79 lines of 931 total):  Create a subdirectory for asar-extracted icons 
220314-SgE, ass,   0K ğŸŸ¢, {"tool": "read_file", "args": {"file_path":"/home/diogo/dev/upkg/internal/backends/tarball/tarball.go", "start":26000, "
220314-Ugo, usr,   1K ğŸŸ¡, Tool result: ğŸ“„ File content (chars 26000-28757, 90 lines of 931 total): Dir, appName, normalizedName, execPath string, o
220323-aTO, ass,   0K ğŸŸ¢, Now I understand the issue. The test expects that `createDesktopFile` creates the directory, but it uses `t.Paths.GetApp
220323-jxO, usr,   0K ğŸŸ¢, Tool result: ğŸ“„ File content (chars 12400-13400, 35 lines of 706 total): ") 		require.NoError(t, os.MkdirAll(installDir, 
220333-Kku, ass,   0K ğŸŸ¢, I see. The test is using `New(cfg, &logger)` which creates a paths resolver based on the current HOME at initialization 
220333-CEa, usr,   0K ğŸŸ¢, Tool result: âœ… applied unified diff
220340-zoq, ass,   0K ğŸŸ¢, Now let's also fix the second test for Wayland env vars:  {"tool": "str_replace", "args": {"file_path":"/home/diogo/dev/
220340-TTF, usr,   0K ğŸŸ¢, Tool result: âœ… applied unified diff
220346-tkr, ass,   0K ğŸŸ¢, Now let's run the tarball tests again to see if they pass:  {"tool": "shell", "args": {"command":"cd /home/diogo/dev/upk
220346-tyw, usr,   0K ğŸŸ¢, Tool result: ok  	github.com/quantmind-br/upkg/internal/backends/tarball	0.388s
220352-KMN, ass,   0K ğŸŸ¢, The tests are now passing. Let me run the full test suite to make sure everything is working:  {"tool": "shell", "args":
220352-pcG, usr,   0K ğŸŸ¢, Tool result: ok  	github.com/quantmind-br/upkg/cmd/upkg	(cached)	coverage: 0.0% of statements ok  	github.com/quantmind-
220404-OfX, ass,   0K ğŸŸ¢, All tests are passing. Now let me update the TODO list and start systematically improving the coverage for each package 
220404-fgF, usr,   0K ğŸŸ¢, Tool result: âœ… TODO list updated (746 chars) and saved to todo.g3.md: # Aumentar Cobertura de Testes para 80%  ## Arquiv
220414-JgA, ass,   0K ğŸŸ¢, Now let me analyze the uncovered functions in each package systematically. Let me start by getting detailed coverage inf
220414-Vkw, usr,   0K ğŸŸ¢, Tool result: ok  	github.com/quantmind-br/upkg/internal/backends/deb	(cached)	coverage: 44.9% of statements github.com/q
220537-tJm, ass,  14K ğŸ”´, I see that the `deb_test_extra.go` file has many tests showing 0% coverage - this means these test functions exist but a
220537-PLQ, usr,   0K ğŸŸ¢, Tool result: âœ… Successfully wrote 614 lines (16966 characters)
220544-Osy, ass,   0K ğŸŸ¢, Now let's run the tests to see if they work and check the new coverage:  {"tool": "shell", "args": {"command":"cd /home/
220544-fRa, usr,   0K ğŸŸ¢, Tool result: ok  	github.com/quantmind-br/upkg/internal/backends/deb	0.066s	coverage: 48.9% of statements
220551-nIG, ass,   0K ğŸŸ¢, Good, the coverage went up from 44.9% to 48.9%. Let me continue adding more tests to improve coverage. Let me check what
220551-TAb, usr,   0K ğŸŸ¢, Tool result: ok  	github.com/quantmind-br/upkg/internal/backends/deb	0.067s	coverage: 48.9% of statements github.com/qua
220602-KJr, ass,   0K ğŸŸ¢, The main issue is that the `Install` function at 28.6% and `convertWithDebtapProgress` at 44.9% are bringing down the av
220602-FnJ, usr,   0K ğŸŸ¢, Tool result: ok  	github.com/quantmind-br/upkg/internal/helpers	(cached)	coverage: 70.8% of statements github.com/quantm
220614-fVf, ass,   0K ğŸŸ¢, I see that the mock command runner methods have 0% coverage. Let me look at the helpers package to understand what's the
220614-iai, usr,   0K ğŸŸ¢, Tool result: total 80 drwx------ 1 diogo diogo  262 dez 26 20:06 . drwxr-xr-x 1 diogo diogo  208 dez 11 22:11 .. -rw-r--
220621-ivd, ass,   0K ğŸŸ¢, Let me check what tests exist and add tests for the mock runner and archive functions:  {"tool": "read_file", "args": {"
220621-pNv, usr,   1K ğŸŸ¡, Tool result: ğŸ“„ File content (92 lines): package helpers  import ( 	"context" 	"io" 	"os/exec" )  // MockCommandRunner is
220702-LMq, ass,   5K ğŸŸ , Now let me add tests for the mock runner and other uncovered functions:  {"tool": "write_file", "args": {"file_path":"/h
220702-bgl, usr,   0K ğŸŸ¢, Tool result: âœ… Successfully wrote 224 lines (6126 characters)
220741-epI, ass,   0K ğŸŸ¢, Now let me add more tests for the archive functions:  {"tool": "read_file", "args": {"file_path":"/home/diogo/dev/upkg/i
220741-yfd, usr,   1K ğŸŸ¡, Tool result: ğŸ“„ File content (chars 0-4000, 153 lines of 312 total): package helpers  import ( 	"archive/tar" 	"archive/z

--- TOTAL:  81K / 200K (40.6%) ---
